c:\users\user\source\repos\projekt - labirynt\projekt\labirynt\labirynt\debug\vc142.pdb
c:\users\user\source\repos\projekt - labirynt\projekt\labirynt\labirynt\debug\vc142.idb
c:\users\user\source\repos\projekt - labirynt\projekt\labirynt\labirynt\debug\portal.obj
c:\users\user\source\repos\projekt - labirynt\projekt\labirynt\labirynt\debug\labirynt.obj
c:\users\user\source\repos\projekt - labirynt\projekt\labirynt\labirynt\debug\object.obj
c:\users\user\source\repos\projekt - labirynt\projekt\labirynt\labirynt\debug\menu.obj
c:\users\user\source\repos\projekt - labirynt\projekt\labirynt\labirynt\debug\player.obj
c:\users\user\source\repos\projekt - labirynt\projekt\labirynt\labirynt\debug\map.obj
c:\users\user\source\repos\projekt - labirynt\projekt\labirynt\labirynt\debug\game.obj
c:\users\user\source\repos\projekt - labirynt\projekt\labirynt\labirynt\debug\key.obj
c:\users\user\source\repos\projekt - labirynt\projekt\labirynt\labirynt\debug\enemy.obj
c:\users\user\source\repos\projekt - labirynt\projekt\labirynt\debug\labirynt.exe
c:\users\user\source\repos\projekt - labirynt\projekt\labirynt\debug\labirynt.ilk
c:\users\user\source\repos\projekt - labirynt\projekt\labirynt\debug\labirynt.pdb
c:\users\user\source\repos\projekt - labirynt\projekt\labirynt\labirynt\debug\main.obj
c:\users\user\source\repos\projekt - labirynt\projekt\labirynt\labirynt\debug\labirynt.tlog\cl.command.1.tlog
c:\users\user\source\repos\projekt - labirynt\projekt\labirynt\labirynt\debug\labirynt.tlog\cl.read.1.tlog
c:\users\user\source\repos\projekt - labirynt\projekt\labirynt\labirynt\debug\labirynt.tlog\cl.write.1.tlog
c:\users\user\source\repos\projekt - labirynt\projekt\labirynt\labirynt\debug\labirynt.tlog\link.command.1.tlog
c:\users\user\source\repos\projekt - labirynt\projekt\labirynt\labirynt\debug\labirynt.tlog\link.read.1.tlog
c:\users\user\source\repos\projekt - labirynt\projekt\labirynt\labirynt\debug\labirynt.tlog\link.write.1.tlog
